<?xml version="1.0" encoding="UTF-8"?>
<!-- Generated by org.testng.reporters.JUnitXMLReporter -->
<testsuite ignored="0" hostname="LAPTOP-94BRGR1T" failures="1" tests="2" name="Test 2" time="54.642" errors="0" timestamp="2022-03-10T10:50:59 IST">
  <testcase classname="Udmy.Validatetitile" name="basepagenavigation" time="0.06">
    <failure type="junit.framework.ComparisonFailure" message="expected:&amp;lt;FEATURED COUR[ ]ES&amp;gt; but was:&amp;lt;FEATURED COUR[S]ES&amp;gt;">
      <![CDATA[junit.framework.ComparisonFailure: expected:<FEATURED COUR[ ]ES> but was:<FEATURED COUR[S]ES>
at junit.framework.Assert.assertEquals(Assert.java:100)
at junit.framework.Assert.assertEquals(Assert.java:107)
at Udmy.Validatetitile.basepagenavigation(Validatetitile.java:41)
at java.base/java.util.ArrayList.forEach(ArrayList.java:1510)
... Removed 31 stack frames]]>
    </failure>
  </testcase> <!-- basepagenavigation -->
  <testcase classname="Udmy.Validatetitile" name="navigatn" time="0.067"/>
</testsuite> <!-- Test 2 -->
